# JRE version: OpenJDK Runtime Environment (8.0_242-b01) (build 1.8.0_242-release-1644-b01)
# Java VM: OpenJDK 64-Bit Server VM (25.242-b01 mixed mode windows-amd64 compressed oops)
Heap:
 PSYoungGen      total 610304K, used 199015K [0x00000000d5580000, 0x00000000fd380000, 0x0000000100000000)
  eden space 575488K, 33% used [0x00000000d5580000,0x00000000e1222290,0x00000000f8780000)
  from space 34816K, 16% used [0x00000000fb180000,0x00000000fb737c90,0x00000000fd380000)
  to   space 38912K, 0% used [0x00000000f8780000,0x00000000f8780000,0x00000000fad80000)
 ParOldGen       total 227840K, used 124424K [0x0000000080000000, 0x000000008de80000, 0x00000000d5580000)
  object space 227840K, 54% used [0x0000000080000000,0x0000000087982188,0x000000008de80000)
 Metaspace       used 106161K, capacity 111548K, committed 111656K, reserved 1146880K
  class space    used 13743K, capacity 14857K, committed 14896K, reserved 1048576K
GC Heap History (10 events):
Event: 573.349 GC heap before
{Heap before GC invocations=30 (full 4):
 PSYoungGen      total 396800K, used 375803K [0x00000000d5580000, 0x00000000f4000000, 0x0000000100000000)
  eden space 356352K, 100% used [0x00000000d5580000,0x00000000eb180000,0x00000000eb180000)
  from space 40448K, 48% used [0x00000000eb180000,0x00000000ec47ef38,0x00000000ed900000)
  to   space 38912K, 0% used [0x00000000f1a00000,0x00000000f1a00000,0x00000000f4000000)
 ParOldGen       total 227840K, used 94398K [0x0000000080000000, 0x000000008de80000, 0x00000000d5580000)
  object space 227840K, 41% used [0x0000000080000000,0x0000000085c2f930,0x000000008de80000)
 Metaspace       used 101276K, capacity 106350K, committed 106408K, reserved 1140736K
  class space    used 13134K, capacity 14198K, committed 14256K, reserved 1048576K
Event: 573.370 GC heap after
Heap after GC invocations=30 (full 4):
 PSYoungGen      total 452096K, used 22220K [0x00000000d5580000, 0x00000000f3900000, 0x0000000100000000)
  eden space 420352K, 0% used [0x00000000d5580000,0x00000000d5580000,0x00000000ef000000)
  from space 31744K, 69% used [0x00000000f1a00000,0x00000000f2fb31d0,0x00000000f3900000)
  to   space 37376K, 0% used [0x00000000ef000000,0x00000000ef000000,0x00000000f1480000)
 ParOldGen       total 227840K, used 95734K [0x0000000080000000, 0x000000008de80000, 0x00000000d5580000)
  object space 227840K, 42% used [0x0000000080000000,0x0000000085d7d960,0x000000008de80000)
 Metaspace       used 101276K, capacity 106350K, committed 106408K, reserved 1140736K
  class space    used 13134K, capacity 14198K, committed 14256K, reserved 1048576K
}
Event: 574.967 GC heap before
{Heap before GC invocations=31 (full 4):
 PSYoungGen      total 452096K, used 442572K [0x00000000d5580000, 0x00000000f3900000, 0x0000000100000000)
  eden space 420352K, 100% used [0x00000000d5580000,0x00000000ef000000,0x00000000ef000000)
  from space 31744K, 69% used [0x00000000f1a00000,0x00000000f2fb31d0,0x00000000f3900000)
  to   space 37376K, 0% used [0x00000000ef000000,0x00000000ef000000,0x00000000f1480000)
 ParOldGen       total 227840K, used 95734K [0x0000000080000000, 0x000000008de80000, 0x00000000d5580000)
  object space 227840K, 42% used [0x0000000080000000,0x0000000085d7d960,0x000000008de80000)
 Metaspace       used 102719K, capacity 107890K, committed 108072K, reserved 1142784K
  class space    used 13308K, capacity 14372K, committed 14384K, reserved 1048576K
Event: 574.991 GC heap after
Heap after GC invocations=31 (full 4):
 PSYoungGen      total 457728K, used 19412K [0x00000000d5580000, 0x00000000f7b00000, 0x0000000100000000)
  eden space 420352K, 0% used [0x00000000d5580000,0x00000000d5580000,0x00000000ef000000)
  from space 37376K, 51% used [0x00000000ef000000,0x00000000f02f5080,0x00000000f1480000)
  to   space 35840K, 0% used [0x00000000f5800000,0x00000000f5800000,0x00000000f7b00000)
 ParOldGen       total 227840K, used 98177K [0x0000000080000000, 0x000000008de80000, 0x00000000d5580000)
  object space 227840K, 43% used [0x0000000080000000,0x0000000085fe05a8,0x000000008de80000)
 Metaspace       used 102719K, capacity 107890K, committed 108072K, reserved 1142784K
  class space    used 13308K, capacity 14372K, committed 14384K, reserved 1048576K
}
Event: 575.824 GC heap before
{Heap before GC invocations=32 (full 4):
 PSYoungGen      total 457728K, used 439764K [0x00000000d5580000, 0x00000000f7b00000, 0x0000000100000000)
  eden space 420352K, 100% used [0x00000000d5580000,0x00000000ef000000,0x00000000ef000000)
  from space 37376K, 51% used [0x00000000ef000000,0x00000000f02f5080,0x00000000f1480000)
  to   space 35840K, 0% used [0x00000000f5800000,0x00000000f5800000,0x00000000f7b00000)
 ParOldGen       total 227840K, used 98177K [0x0000000080000000, 0x000000008de80000, 0x00000000d5580000)
  object space 227840K, 43% used [0x0000000080000000,0x0000000085fe05a8,0x000000008de80000)
 Metaspace       used 103056K, capacity 108326K, committed 108456K, reserved 1142784K
  class space    used 13339K, capacity 14416K, committed 14512K, reserved 1048576K
Event: 575.917 GC heap after
Heap after GC invocations=32 (full 4):
 PSYoungGen      total 525824K, used 27162K [0x00000000d5580000, 0x00000000f8900000, 0x0000000100000000)
  eden space 489984K, 0% used [0x00000000d5580000,0x00000000d5580000,0x00000000f3400000)
  from space 35840K, 75% used [0x00000000f5800000,0x00000000f7286ac8,0x00000000f7b00000)
  to   space 36864K, 0% used [0x00000000f3400000,0x00000000f3400000,0x00000000f5800000)
 ParOldGen       total 227840K, used 101660K [0x0000000080000000, 0x000000008de80000, 0x00000000d5580000)
  object space 227840K, 44% used [0x0000000080000000,0x00000000863470c0,0x000000008de80000)
 Metaspace       used 103056K, capacity 108326K, committed 108456K, reserved 1142784K
  class space    used 13339K, capacity 14416K, committed 14512K, reserved 1048576K
}
Event: 577.006 GC heap before
{Heap before GC invocations=33 (full 4):
 PSYoungGen      total 525824K, used 517146K [0x00000000d5580000, 0x00000000f8900000, 0x0000000100000000)
  eden space 489984K, 100% used [0x00000000d5580000,0x00000000f3400000,0x00000000f3400000)
  from space 35840K, 75% used [0x00000000f5800000,0x00000000f7286ac8,0x00000000f7b00000)
  to   space 36864K, 0% used [0x00000000f3400000,0x00000000f3400000,0x00000000f5800000)
 ParOldGen       total 227840K, used 101660K [0x0000000080000000, 0x000000008de80000, 0x00000000d5580000)
  object space 227840K, 44% used [0x0000000080000000,0x00000000863470c0,0x000000008de80000)
 Metaspace       used 103444K, capacity 108758K, committed 108968K, reserved 1144832K
  class space    used 13402K, capacity 14480K, committed 14512K, reserved 1048576K
Event: 577.023 GC heap after
Heap after GC invocations=33 (full 4):
 PSYoungGen      total 526848K, used 4082K [0x00000000d5580000, 0x00000000fd700000, 0x0000000100000000)
  eden space 489984K, 0% used [0x00000000d5580000,0x00000000d5580000,0x00000000f3400000)
  from space 36864K, 11% used [0x00000000f3400000,0x00000000f37fc928,0x00000000f5800000)
  to   space 38400K, 0% used [0x00000000fb180000,0x00000000fb180000,0x00000000fd700000)
 ParOldGen       total 227840K, used 121838K [0x0000000080000000, 0x000000008de80000, 0x00000000d5580000)
  object space 227840K, 53% used [0x0000000080000000,0x00000000876fba10,0x000000008de80000)
 Metaspace       used 103444K, capacity 108758K, committed 108968K, reserved 1144832K
  class space    used 13402K, capacity 14480K, committed 14512K, reserved 1048576K
}
Event: 578.010 GC heap before
{Heap before GC invocations=34 (full 4):
 PSYoungGen      total 526848K, used 494066K [0x00000000d5580000, 0x00000000fd700000, 0x0000000100000000)
  eden space 489984K, 100% used [0x00000000d5580000,0x00000000f3400000,0x00000000f3400000)
  from space 36864K, 11% used [0x00000000f3400000,0x00000000f37fc928,0x00000000f5800000)
  to   space 38400K, 0% used [0x00000000fb180000,0x00000000fb180000,0x00000000fd700000)
 ParOldGen       total 227840K, used 121838K [0x0000000080000000, 0x000000008de80000, 0x00000000d5580000)
  object space 227840K, 53% used [0x0000000080000000,0x00000000876fba10,0x000000008de80000)
 Metaspace       used 104860K, capacity 110166K, committed 110504K, reserved 1144832K
  class space    used 13591K, capacity 14672K, committed 14768K, reserved 1048576K
Event: 578.032 GC heap after
Heap after GC invocations=34 (full 4):
 PSYoungGen      total 610304K, used 5855K [0x00000000d5580000, 0x00000000fd380000, 0x0000000100000000)
  eden space 575488K, 0% used [0x00000000d5580000,0x00000000d5580000,0x00000000f8780000)
  from space 34816K, 16% used [0x00000000fb180000,0x00000000fb737c90,0x00000000fd380000)
  to   space 38912K, 0% used [0x00000000f8780000,0x00000000f8780000,0x00000000fad80000)
 ParOldGen       total 227840K, used 124424K [0x0000000080000000, 0x000000008de80000, 0x00000000d5580000)
  object space 227840K, 54% used [0x0000000080000000,0x0000000087982188,0x000000008de80000)
 Metaspace       used 104860K, capacity 110166K, committed 110504K, reserved 1144832K
  class space    used 13591K, capacity 14672K, committed 14768K, reserved 1048576K
}

